<?xml version="1.0" encoding="UTF-8"?>
<!-- Generated by org.testng.reporters.JUnitReportReporter -->
<testsuite hostname="LAPTOP-8NCIJN2T" failures="0" tests="1" name="com.practice.Demo1Test" time="0.014" errors="0" timestamp="2021-12-10T17:30:35 IST" skipped="0">
  <testcase classname="com.practice.Demo1Test" name="demo1Test" time="0.014"/>
  <system-out/>
</testsuite> <!-- com.practice.Demo1Test -->
